build/app/outputs/mapping/release/seeds.txt
com.sofiworkout.nilamnick.MainActivity
com.sofiworkout.nilamnick.MainActivity: MainActivity()
...
com.google.android.gms.ads.nonagon.signalgeneration.TaggingLibraryJsInterface: java.lang.String getClickSignals(java.lang.String)
androidx.core.view.WindowInsetsCompat$Impl: androidx.core.graphics.Insets getTappableElementInsets()
androidx.core.content.FileProvider: androidx.core.content.FileProvider$PathStrategy parsePathStrategy(android.content.Context,java.lang.String,int)
com.dexterous.flutterlocalnotifications.models.NotificationChannelGroupDetails: com.dexterous.flutterlocalnotifications.models.NotificationChannelGroupDetails from(java.util.Map)
androidx.window.layout.FoldingFeature$OcclusionType: FoldingFeature$OcclusionType(java.lang.String)
androidx.core.view.MarginLayoutParamsCompat$Api17Impl: void setMarginEnd(android.view.ViewGroup$MarginLayoutParams,int)
com.pichillilorenzo.flutter_inappwebview.in_app_webview.InAppWebViewChromeClient: android.net.Uri[] getSelectedFiles(android.content.Intent,int)
com.pichillilorenzo.flutter_inappwebview.in_app_webview.InputAwareWebView: void onFocusChanged(boolean,int,android.graphics.Rect)
androidx.window.embedding.ActivityStack: java.util.List getActivities$window_release()
androidx.core.widget.ImageViewCompat$Api21Impl: void setImageTintList(android.widget.ImageView,android.content.res.ColorStateList)
com.pichillilorenzo.flutter_inappwebview.MyWebStorage: void init()
androidx.vectordrawable.graphics.drawable.VectorDrawableCompat$VGroup: void setTranslateY(float)
com.dexterous.flutterlocalnotifications.models.IconSource: IconSource(java.lang.String,int)
androidx.swiperefreshlayout.widget.SwipeRefreshLayout: void createProgressView()
androidx.window.layout.SidecarCompat$DistinctSidecarElementCallback: SidecarCompat$DistinctSidecarElementCallback(androidx.window.layout.SidecarAdapter,androidx.window.sidecar.SidecarInterface$SidecarCallback)
io.flutter.embedding.engine.FlutterJNI: void setPlatformMessageHandler(io.flutter.embedding.engine.dart.PlatformMessageHandler)
com.pichillilorenzo.flutter_inappwebview.types.ContentWorld: void setName(java.lang.String)
com.pichillilorenzo.flutter_inappwebview.types.CustomTabsMenuItem: java.lang.String getLabel()
androidx.lifecycle.LifecycleService: LifecycleService()
com.google.android.gms.ads.mediation.rtb.RtbAdapter: void collectSignals(com.google.android.gms.ads.mediation.rtb.RtbSignalData,com.google.android.gms.ads.mediation.rtb.SignalCallbacks)
com.dexterous.flutterlocalnotifications.models.ScheduledNotificationRepeatFrequency: com.dexterous.flutterlocalnotifications.models.ScheduledNotificationRepeatFrequency[] values()
androidx.window.layout.FoldingFeature: androidx.window.layout.FoldingFeature$OcclusionType getOcclusionType()
org.chromium.support_lib_boundary.WebSettingsBoundaryInterface: void setForceDark(int)
com.pichillilorenzo.flutter_inappwebview.in_app_webview.InputAwareWebView: InputAwareWebView(android.content.Context,android.util.AttributeSet)
androidx.core.view.ViewCompat$Api29Impl: void setSystemGestureExclusionRects(android.view.View,java.util.List)
androidx.room.RoomDatabase: RoomDatabase()
com.pichillilorenzo.flutter_inappwebview.in_app_webview.InAppWebViewClient: void access$601(com.pichillilorenzo.flutter_inappwebview.in_app_webview.InAppWebViewClient,android.webkit.WebView,android.webkit.SslErrorHandler,android.net.http.SslError)
androidx.activity.ComponentActivity: void removeOnMultiWindowModeChangedListener(androidx.core.util.Consumer)
com.pichillilorenzo.flutter_inappwebview.in_app_webview.InAppWebViewClient$6: void notImplemented()
com.dexterous.flutterlocalnotifications.FlutterLocalNotificationsPlugin: void stopForegroundService(io.flutter.plugin.common.MethodChannel$Result)
com.pichillilorenzo.flutter_inappwebview.Util: java.lang.String replaceAll(java.lang.String,java.lang.String,java.lang.String)
androidx.webkit.internal.ApiHelperForM: androidx.webkit.WebMessageCompat createWebMessageCompat(android.webkit.WebMessage)