build/app/outputs/mapping/release/usage.txt
com.sofiworkout.nilamnick.BuildConfig
com.sofiworkout.nilamnick.ListTileNativeAdFactory:
    public final android.content.Context getContext()
com.sofiworkout.nilamnick.R$anim
com.sofiworkout.nilamnick.R$animator
com.sofiworkout.nilamnick.R$attr
com.sofiworkout.nilamnick.R$bool
com.sofiworkout.nilamnick.R$color
com.sofiworkout.nilamnick.R$dimen
com.sofiworkout.nilamnick.R$drawable
com.sofiworkout.nilamnick.R$id
com.sofiworkout.nilamnick.R$integer
com.sofiworkout.nilamnick.R$interpolator
com.sofiworkout.nilamnick.R$layout
com.sofiworkout.nilamnick.R$menu
com.sofiworkout.nilamnick.R$mipmap
com.sofiworkout.nilamnick.R$plurals
com.sofiworkout.nilamnick.R$string
com.sofiworkout.nilamnick.R$style
com.sofiworkout.nilamnick.R$styleable
com.sofiworkout.nilamnick.R$xml
com.sofiworkout.nilamnick.R
com.sofiworkout.nilamnick.MainActivity:
    public void cleanUpFlutterEngine(io.flutter.embedding.engine.FlutterEngine)
    public static void lambda$fQk9l2yrHk66oiO0u5aALTrQGWg(android.window.SplashScreenView)
    private static final void onCreate$lambda-0(android.window.SplashScreenView)
...
androidx.appcompat.widget.SuggestionsAdapter$ChildViewCache
androidx.appcompat.widget.SuggestionsAdapter:
    private static final boolean DBG
    static final int INVALID_INDEX
    private static final java.lang.String LOG_TAG
    private static final int QUERY_LIMIT
    static final int REFINE_ALL
    static final int REFINE_BY_ENTRY
    static final int REFINE_NONE
    private boolean mClosed
    private final int mCommitIconResId
    private int mFlagsCol
    private int mIconName1Col
    private int mIconName2Col
    private final java.util.WeakHashMap mOutsideDrawablesCache
    private final android.content.Context mProviderContext
    private int mQueryRefinement
    private final androidx.appcompat.widget.SearchView mSearchView
    private final android.app.SearchableInfo mSearchable
    private int mText1Col
    private int mText2Col
    private int mText2UrlCol
    private android.content.res.ColorStateList mUrlColor
    public void <init>(android.content.Context,androidx.appcompat.widget.SearchView,android.app.SearchableInfo,java.util.WeakHashMap)
    public void bindView(android.view.View,android.content.Context,android.database.Cursor)
    public void changeCursor(android.database.Cursor)
    private android.graphics.drawable.Drawable checkIconCache(java.lang.String)
    public void close()
    public java.lang.CharSequence convertToString(android.database.Cursor)
    private java.lang.CharSequence formatUrl(java.lang.CharSequence)
androidx.appcompat.widget.SwitchCompat$1
androidx.appcompat.widget.SwitchCompat$Api18Impl
androidx.appcompat.widget.SwitchCompat$EmojiCompatInitCallback
androidx.appcompat.widget.SwitchCompat
androidx.appcompat.widget.ThemeUtils:
    private static final java.lang.String TAG
    private void <init>()
    public static android.content.res.ColorStateList createDisabledStateList(int,int)
androidx.appcompat.widget.ThemedSpinnerAdapter$Helper
androidx.appcompat.widget.TintTypedArray$Api21Impl
androidx.appcompat.widget.TintTypedArray:
    public int getChangingConfigurations()
    public float getFraction(int,int,int,float)
    public int getIndex(int)
    public int getIndexCount()
    public int getLayoutDimension(int,java.lang.String)
    public java.lang.String getNonResourceString(int)
    public java.lang.String getPositionDescription()
    public android.content.res.Resources getResources()
    public int getType(int)
    public boolean getValue(int,android.util.TypedValue)
    public int length()
    public android.util.TypedValue peekValue(int)
androidx.appcompat.widget.Toolbar$ExpandedActionViewMenuPresenter:
    public int getId()
    public androidx.appcompat.view.menu.MenuView getMenuView(android.view.ViewGroup)
    public void onRestoreInstanceState(android.os.Parcelable)
    public android.os.Parcelable onSaveInstanceState()
    public void setCallback(androidx.appcompat.view.menu.MenuPresenter$Callback)
androidx.appcompat.widget.Toolbar$LayoutParams:
    static final int CUSTOM
    static final int EXPANDED
    static final int SYSTEM
    public void <init>(int)
    public void <init>(int,int,int)
androidx.appcompat.widget.Toolbar$SavedState:
    public void <init>(android.os.Parcel)